<?xml version="1.0" encoding="UTF-8"?>
<!-- Generated by org.testng.reporters.JUnitXMLReporter -->
<testsuite hostname="QiuZidanes-MacBookAir.local" ignored="1" name="grouptest1" tests="2" failures="0" timestamp="07 二月 2017 01:26:02 GMT" time="0.008" errors="0">
  <testcase name="getClassPathByUri1" time="0.002" classname="file.FileUtilTest"/>
  <testcase name="getClassPathByUri2" time="0.001" classname="file.FileUtilTest"/>
  <testcase name="exceptionTest1" time="0.0" classname="file.FileUtilTest">
    <ignored/>
  </testcase> <!-- exceptionTest1 -->
</testsuite> <!-- grouptest1 -->
