<?xml version="1.0" encoding="UTF-8"?>
<!-- Generated by org.testng.reporters.JUnitXMLReporter -->
<testsuite hostname="QiuZidanes-MacBookAir.local" ignored="1" name="group_test" tests="3" failures="1" timestamp="07 二月 2017 05:45:35 GMT" time="0.025" errors="0">
  <testcase name="exceptionTest1" time="0.001" classname="testng.FileUtilTest">
    <failure type="java.lang.IllegalAccessException" message="Nullll">
      <![CDATA[java.lang.IllegalAccessException: Nullll
	at testng.FileUtilTest.exceptionTest1(FileUtilTest.java:110)
... Removed 25 stack frames]]>
    </failure>
  </testcase> <!-- exceptionTest1 -->
  <testcase name="getClassPathByUri1" time="0.002" classname="testng.FileUtilTest"/>
  <testcase name="getClassPathByUri2" time="0.002" classname="testng.FileUtilTest"/>
  <testcase name="paramTest1" time="0.0" classname="testng.FileUtilTest">
    <ignored/>
  </testcase> <!-- paramTest1 -->
</testsuite> <!-- group_test -->
