<?xml version="1.0" encoding="UTF-8"?>
<!-- Generated by org.testng.reporters.JUnitXMLReporter -->
<testsuite hostname="QiuZidanes-MacBookAir.local" ignored="0" name="normaltest1" tests="3" failures="1" timestamp="07 二月 2017 01:26:02 GMT" time="0.055" errors="0">
  <testcase name="getClassPathByUri2" time="0.006" classname="file.FileUtilTest"/>
  <testcase name="getClassPathByUri1" time="0.008" classname="file.FileUtilTest"/>
  <testcase name="exceptionTest1" time="0.004" classname="file.FileUtilTest">
    <failure type="java.lang.IllegalAccessException" message="Nullll">
      <![CDATA[java.lang.IllegalAccessException: Nullll
	at file.FileUtilTest.exceptionTest1(FileUtilTest.java:42)
... Removed 25 stack frames]]>
    </failure>
  </testcase> <!-- exceptionTest1 -->
</testsuite> <!-- normaltest1 -->
