<?xml version="1.0" encoding="UTF-8"?>
<!-- Generated by org.testng.reporters.JUnitXMLReporter -->
<testsuite hostname="QiuZidanes-MacBookAir.local" ignored="2" name="order_test" tests="2" failures="0" timestamp="07 二月 2017 05:45:35 GMT" time="0.058" errors="0">
  <testcase name="getClassPathByUri2" time="0.007" classname="testng.FileUtilTest"/>
  <testcase name="getClassPathByUri1" time="0.01" classname="testng.FileUtilTest"/>
  <testcase name="paramTest1" time="0.0" classname="testng.FileUtilTest">
    <ignored/>
  </testcase> <!-- paramTest1 -->
  <testcase name="exceptionTest1" time="0.0" classname="testng.FileUtilTest">
    <ignored/>
  </testcase> <!-- exceptionTest1 -->
</testsuite> <!-- order_test -->
