<?xml version="1.0" encoding="UTF-8"?>
<!-- Generated by org.testng.reporters.JUnitXMLReporter -->
<testsuite hostname="QiuZidanes-MacBookAir.local" ignored="3" name="param_test" tests="1" failures="0" timestamp="07 二月 2017 05:45:35 GMT" time="0.012" errors="0">
  <testcase name="paramTest1" time="0.005" classname="testng.FileUtilTest"/>
  <testcase name="getClassPathByUri2" time="0.0" classname="testng.FileUtilTest">
    <ignored/>
  </testcase> <!-- getClassPathByUri2 -->
  <testcase name="exceptionTest1" time="0.0" classname="testng.FileUtilTest">
    <ignored/>
  </testcase> <!-- exceptionTest1 -->
  <testcase name="getClassPathByUri1" time="0.0" classname="testng.FileUtilTest">
    <ignored/>
  </testcase> <!-- getClassPathByUri1 -->
</testsuite> <!-- param_test -->
