<?xml version="1.0" encoding="UTF-8"?>
<!-- Generated by org.testng.reporters.JUnitXMLReporter -->
<testsuite hostname="bogon" ignored="0" name="test1234" tests="3" failures="0" timestamp="07 二月 2017 01:19:10 GMT" time="0.048" errors="0">
  <testcase name="exceptionTest1" time="0.012" classname="file.FileUtilTest"/>
  <testcase name="getClassPathByUri1" time="0.004" classname="file.FileUtilTest"/>
  <testcase name="getClassPathByUri2" time="0.001" classname="file.FileUtilTest"/>
</testsuite> <!-- test1234 -->
