<?xml version="1.0" encoding="UTF-8"?>
<!-- Generated by org.testng.reporters.JUnitXMLReporter -->
<testsuite hostname="QiuZidanes-MacBookAir.local" ignored="0" name="TestMethods" tests="10" failures="0" timestamp="08 二月 2017 06:52:33 GMT" time="0.073" errors="0">
  <testcase name="testServer" time="0.013" classname="testng.TestngFactoryTest"/>
  <testcase name="testServer" time="0.002" classname="testng.TestngFactoryTest"/>
  <testcase name="testServer" time="0.002" classname="testng.TestngFactoryTest"/>
  <testcase name="testServer" time="0.004" classname="testng.TestngFactoryTest"/>
  <testcase name="testServer" time="0.002" classname="testng.TestngFactoryTest"/>
  <testcase name="testServer" time="0.004" classname="testng.TestngFactoryTest"/>
  <testcase name="testServer" time="0.001" classname="testng.TestngFactoryTest"/>
  <testcase name="testServer" time="0.002" classname="testng.TestngFactoryTest"/>
  <testcase name="testServer" time="0.001" classname="testng.TestngFactoryTest"/>
  <testcase name="testServer" time="0.001" classname="testng.TestngFactoryTest"/>
</testsuite> <!-- TestMethods -->
