<?xml version="1.0" encoding="UTF-8"?>
<testng-results skipped="0" failed="0" ignored="0" total="5" passed="5">
  <reporter-output>
  </reporter-output>
  <suite name="Default suite" duration-ms="41" started-at="2017-02-11T14:13:42Z" finished-at="2017-02-11T14:13:42Z">
    <groups>
    </groups>
    <test name="Default test" duration-ms="41" started-at="2017-02-11T14:13:42Z" finished-at="2017-02-11T14:13:42Z">
      <class name="testng.DataProviderTest">
        <test-method status="PASS" signature="test1()[pri:0, instance:testng.DataProviderTest@565d1ac3]" name="test1" duration-ms="8" started-at="2017-02-11T22:13:42Z" finished-at="2017-02-11T22:13:42Z">
          <reporter-output>
          </reporter-output>
        </test-method> <!-- test1 -->
        <test-method status="PASS" signature="test2(int)[pri:0, instance:testng.DataProviderTest@565d1ac3]" name="test2" duration-ms="1" started-at="2017-02-11T22:13:42Z" data-provider="dp1" finished-at="2017-02-11T22:13:42Z">
          <params>
            <param index="0">
              <value>
                <![CDATA[1]]>
              </value>
            </param>
          </params>
          <reporter-output>
          </reporter-output>
        </test-method> <!-- test2 -->
        <test-method status="PASS" signature="test2(int)[pri:0, instance:testng.DataProviderTest@565d1ac3]" name="test2" duration-ms="2" started-at="2017-02-11T22:13:42Z" data-provider="dp1" finished-at="2017-02-11T22:13:42Z">
          <params>
            <param index="0">
              <value>
                <![CDATA[2]]>
              </value>
            </param>
          </params>
          <reporter-output>
          </reporter-output>
        </test-method> <!-- test2 -->
        <test-method status="PASS" signature="test2(int)[pri:0, instance:testng.DataProviderTest@565d1ac3]" name="test2" duration-ms="1" started-at="2017-02-11T22:13:42Z" data-provider="dp1" finished-at="2017-02-11T22:13:42Z">
          <params>
            <param index="0">
              <value>
                <![CDATA[3]]>
              </value>
            </param>
          </params>
          <reporter-output>
          </reporter-output>
        </test-method> <!-- test2 -->
        <test-method status="PASS" signature="test2(int)[pri:0, instance:testng.DataProviderTest@565d1ac3]" name="test2" duration-ms="2" started-at="2017-02-11T22:13:42Z" data-provider="dp1" finished-at="2017-02-11T22:13:42Z">
          <params>
            <param index="0">
              <value>
                <![CDATA[4]]>
              </value>
            </param>
          </params>
          <reporter-output>
          </reporter-output>
        </test-method> <!-- test2 -->
      </class> <!-- testng.DataProviderTest -->
    </test> <!-- Default test -->
  </suite> <!-- Default suite -->
</testng-results>
