<?xml version="1.0" encoding="UTF-8"?>
<!-- Generated by org.testng.reporters.JUnitXMLReporter -->
<testsuite hostname="PC-ZidaneS" ignored="0" name="Default test" tests="5" failures="0" timestamp="11 二月 2017 14:13:42 GMT" time="0.041" errors="0">
  <testcase name="test1" time="0.008" classname="testng.DataProviderTest"/>
  <testcase name="test2" time="0.001" classname="testng.DataProviderTest"/>
  <testcase name="test2" time="0.002" classname="testng.DataProviderTest"/>
  <testcase name="test2" time="0.001" classname="testng.DataProviderTest"/>
  <testcase name="test2" time="0.002" classname="testng.DataProviderTest"/>
</testsuite> <!-- Default test -->
